<?xml version="1.0" encoding="UTF-8"?>
<testng-results ignored="0" total="2" passed="2" failed="0" skipped="0">
  <reporter-output>
  </reporter-output>
  <suite started-at="2022-07-09T21:22:39 IST" name="Suite" finished-at="2022-07-09T21:22:58 IST" duration-ms="19130">
    <groups>
    </groups>
    <test started-at="2022-07-09T21:22:39 IST" name="Test" finished-at="2022-07-09T21:22:58 IST" duration-ms="19130">
      <class name="com.testsuite.Testsuite_TestNG">
        <test-method is-config="true" signature="beforeTest()[pri:0, instance:com.testsuite.Testsuite_TestNG@144ab54]" started-at="2022-07-09T21:22:39 IST" name="beforeTest" finished-at="2022-07-09T21:22:39 IST" duration-ms="45" status="PASS">
          <reporter-output>
          </reporter-output>
        </test-method> <!-- beforeTest -->
        <test-method signature="TC1()[pri:0, instance:com.testsuite.Testsuite_TestNG@144ab54]" started-at="2022-07-09T21:22:39 IST" name="TC1" finished-at="2022-07-09T21:22:47 IST" duration-ms="8307" status="PASS">
          <reporter-output>
          </reporter-output>
        </test-method> <!-- TC1 -->
        <test-method signature="TC2()[pri:0, instance:com.testsuite.Testsuite_TestNG@144ab54]" started-at="2022-07-09T21:22:47 IST" name="TC2" finished-at="2022-07-09T21:22:57 IST" duration-ms="9910" status="PASS">
          <reporter-output>
          </reporter-output>
        </test-method> <!-- TC2 -->
        <test-method is-config="true" signature="afterTest()[pri:0, instance:com.testsuite.Testsuite_TestNG@144ab54]" started-at="2022-07-09T21:22:57 IST" name="afterTest" finished-at="2022-07-09T21:22:58 IST" duration-ms="731" status="PASS">
          <reporter-output>
          </reporter-output>
        </test-method> <!-- afterTest -->
      </class> <!-- com.testsuite.Testsuite_TestNG -->
    </test> <!-- Test -->
  </suite> <!-- Suite -->
</testng-results>
